This is pdfTeX, Version 3.14159265-2.6-1.40.21 (MiKTeX 20.6.29 32-bit) (preloaded format=pdflatex 2020.7.8)  19 AUG 2020 23:04
entering extended mode
**./TPN1_Casos_de_investigación_para_desarrollar_en_clase.tex
(TPN1_Casos_de_investigación_para_desarrollar_en_clase.tex
LaTeX2e <2020-02-02> patch level 5
L3 programming layer <2020-06-18>
("C:\Users\JUAN DAVID\AppData\Local\Programs\MiKTeX\tex/latex/base\article.cls"
Document Class: article 2019/12/20 v1.4l Standard LaTeX document class
("C:\Users\JUAN DAVID\AppData\Local\Programs\MiKTeX\tex/latex/base\size10.clo"
File: size10.clo 2019/12/20 v1.4l Standard LaTeX file (size option)
)
\c@part=\count167
\c@section=\count168
\c@subsection=\count169
\c@subsubsection=\count170
\c@paragraph=\count171
\c@subparagraph=\count172
\c@figure=\count173
\c@table=\count174
\abovecaptionskip=\skip47
\belowcaptionskip=\skip48
\bibindent=\dimen134
)
("C:\Users\JUAN DAVID\AppData\Local\Programs\MiKTeX\tex/latex/a4wide\a4wide.sty
"
Package: a4wide 1994/08/30
 ("C:\Users\JUAN DAVID\AppData\Local\Programs\MiKTeX\tex/latex/ntgclass\a4.sty"
Package: a4 2020/02/18 v1.2g A4 based page layout
))
("C:\Users\JUAN DAVID\AppData\Local\Programs\MiKTeX\tex/latex/hyperref\hyperref
.sty"
Package: hyperref 2020-05-15 v7.00e Hypertext links for LaTeX

("C:\Users\JUAN DAVID\AppData\Local\Programs\MiKTeX\tex/generic/ltxcmds\ltxcmds
.sty"
Package: ltxcmds 2019/12/15 v1.24 LaTeX kernel commands for general use (HO)
)
("C:\Users\JUAN DAVID\AppData\Local\Programs\MiKTeX\tex/generic/iftex\iftex.sty
"
Package: iftex 2020/03/06 v1.0d TeX engine tests
)
("C:\Users\JUAN DAVID\AppData\Local\Programs\MiKTeX\tex/generic/pdftexcmds\pdft
excmds.sty"
Package: pdftexcmds 2020-06-27 v0.33 Utility functions of pdfTeX for LuaTeX (HO
)

("C:\Users\JUAN DAVID\AppData\Local\Programs\MiKTeX\tex/generic/infwarerr\infwa
rerr.sty"
Package: infwarerr 2019/12/03 v1.5 Providing info/warning/error messages (HO)
)
Package pdftexcmds Info: \pdf@primitive is available.
Package pdftexcmds Info: \pdf@ifprimitive is available.
Package pdftexcmds Info: \pdfdraftmode found.
)
("C:\Users\JUAN DAVID\AppData\Local\Programs\MiKTeX\tex/latex/graphics\keyval.s
ty"
Package: keyval 2014/10/28 v1.15 key=value parser (DPC)
\KV@toks@=\toks15
)
("C:\Users\JUAN DAVID\AppData\Local\Programs\MiKTeX\tex/generic/kvsetkeys\kvset
keys.sty"
Package: kvsetkeys 2019/12/15 v1.18 Key value parser (HO)
)
("C:\Users\JUAN DAVID\AppData\Local\Programs\MiKTeX\tex/generic/kvdefinekeys\kv
definekeys.sty"
Package: kvdefinekeys 2019-12-19 v1.6 Define keys (HO)
)
("C:\Users\JUAN DAVID\AppData\Local\Programs\MiKTeX\tex/generic/pdfescape\pdfes
cape.sty"
Package: pdfescape 2019/12/09 v1.15 Implements pdfTeX's escape features (HO)
)
("C:\Users\JUAN DAVID\AppData\Local\Programs\MiKTeX\tex/latex/hycolor\hycolor.s
ty"
Package: hycolor 2020-01-27 v1.10 Color options for hyperref/bookmark (HO)
)
("C:\Users\JUAN DAVID\AppData\Local\Programs\MiKTeX\tex/latex/letltxmacro\letlt
xmacro.sty"
Package: letltxmacro 2019/12/03 v1.6 Let assignment for LaTeX macros (HO)
)
("C:\Users\JUAN DAVID\AppData\Local\Programs\MiKTeX\tex/latex/auxhook\auxhook.s
ty"
Package: auxhook 2019-12-17 v1.6 Hooks for auxiliary files (HO)
)
("C:\Users\JUAN DAVID\AppData\Local\Programs\MiKTeX\tex/latex/kvoptions\kvoptio
ns.sty"
Package: kvoptions 2019/11/29 v3.13 Key value format for package options (HO)
)
\@linkdim=\dimen135
\Hy@linkcounter=\count175
\Hy@pagecounter=\count176

("C:\Users\JUAN DAVID\AppData\Local\Programs\MiKTeX\tex/latex/hyperref\pd1enc.d
ef"
File: pd1enc.def 2020-05-15 v7.00e Hyperref: PDFDocEncoding definition (HO)
Now handling font encoding PD1 ...
... no UTF-8 mapping file for font encoding PD1
)
("C:\Users\JUAN DAVID\AppData\Local\Programs\MiKTeX\tex/generic/intcalc\intcalc
.sty"
Package: intcalc 2019/12/15 v1.3 Expandable calculations with integers (HO)
)
("C:\Users\JUAN DAVID\AppData\Local\Programs\MiKTeX\tex/generic/etexcmds\etexcm
ds.sty"
Package: etexcmds 2019/12/15 v1.7 Avoid name clashes with e-TeX commands (HO)
)
\Hy@SavedSpaceFactor=\count177
Package hyperref Info: Option `colorlinks' set `true' on input line 4338.
Package hyperref Info: Option `bookmarksopen' set `true' on input line 4338.
Package hyperref Info: Hyper figures OFF on input line 4464.
Package hyperref Info: Link nesting OFF on input line 4469.
Package hyperref Info: Hyper index ON on input line 4472.
Package hyperref Info: Plain pages OFF on input line 4479.
Package hyperref Info: Backreferencing OFF on input line 4484.
Package hyperref Info: Implicit mode ON; LaTeX internals redefined.
Package hyperref Info: Bookmarks ON on input line 4717.
\c@Hy@tempcnt=\count178

("C:\Users\JUAN DAVID\AppData\Local\Programs\MiKTeX\tex/latex/url\url.sty"
\Urlmuskip=\muskip16
Package: url 2013/09/16  ver 3.4  Verb mode for urls, etc.
)
LaTeX Info: Redefining \url on input line 5076.
\XeTeXLinkMargin=\dimen136

("C:\Users\JUAN DAVID\AppData\Local\Programs\MiKTeX\tex/generic/bitset\bitset.s
ty"
Package: bitset 2019/12/09 v1.3 Handle bit-vector datatype (HO)

("C:\Users\JUAN DAVID\AppData\Local\Programs\MiKTeX\tex/generic/bigintcalc\bigi
ntcalc.sty"
Package: bigintcalc 2019/12/15 v1.5 Expandable calculations on big integers (HO
)
))
\Fld@menulength=\count179
\Field@Width=\dimen137
\Fld@charsize=\dimen138
Package hyperref Info: Hyper figures OFF on input line 6347.
Package hyperref Info: Link nesting OFF on input line 6352.
Package hyperref Info: Hyper index ON on input line 6355.
Package hyperref Info: backreferencing OFF on input line 6362.
Package hyperref Info: Link coloring ON on input line 6365.
Package hyperref Info: Link coloring with OCG OFF on input line 6372.
Package hyperref Info: PDF/A mode OFF on input line 6377.
LaTeX Info: Redefining \ref on input line 6417.
LaTeX Info: Redefining \pageref on input line 6421.

("C:\Users\JUAN DAVID\AppData\Local\Programs\MiKTeX\tex/generic/atbegshi\atbegs
hi.sty"
Package: atbegshi 2019/12/05 v1.19 At begin shipout hook (HO)
)
\Hy@abspage=\count180
\c@Item=\count181
\c@Hfootnote=\count182
)
Package hyperref Info: Driver (autodetected): hpdftex.

("C:\Users\JUAN DAVID\AppData\Local\Programs\MiKTeX\tex/latex/hyperref\hpdftex.
def"
File: hpdftex.def 2020-05-15 v7.00e Hyperref driver for pdfTeX

("C:\Users\JUAN DAVID\AppData\Local\Programs\MiKTeX\tex/latex/atveryend\atverye
nd.sty"
Package: atveryend 2019-12-11 v1.11 Hooks at the very end of document (HO)
Package atveryend Info: \enddocument detected (standard20110627).
)
\Fld@listcount=\count183
\c@bookmark@seq@number=\count184

("C:\Users\JUAN DAVID\AppData\Local\Programs\MiKTeX\tex/latex/rerunfilecheck\re
runfilecheck.sty"
Package: rerunfilecheck 2019/12/05 v1.9 Rerun checks for auxiliary files (HO)

("C:\Users\JUAN DAVID\AppData\Local\Programs\MiKTeX\tex/generic/uniquecounter\u
niquecounter.sty"
Package: uniquecounter 2019/12/15 v1.4 Provide unlimited unique counter (HO)
)
Package uniquecounter Info: New unique counter `rerunfilecheck' on input line 2
86.
)
\Hy@SectionHShift=\skip49
)
("C:\Users\JUAN DAVID\AppData\Local\Programs\MiKTeX\tex/generic/babel\babel.sty
"
Package: babel 2020/06/10 3.45 The Babel package

("C:\Users\JUAN DAVID\AppData\Local\Programs\MiKTeX\tex/generic/babel\babel.def
"
File: babel.def 2020/06/10 3.45 Babel common definitions
\babel@savecnt=\count185
\U@D=\dimen139
\l@babelnohyphens=\language79

("C:\Users\JUAN DAVID\AppData\Local\Programs\MiKTeX\tex/generic/babel\txtbabel.
def")
\bbl@readstream=\read2
)
\bbl@dirlevel=\count186

*************************************
* Local config file bblopts.cfg used
*
("C:\Users\JUAN DAVID\AppData\Local\Programs\MiKTeX\tex/latex/arabi\bblopts.cfg
"
File: bblopts.cfg 2005/09/08 v0.1 add Arabic and Farsi to "declared" options of
 babel
)
("C:\Users\JUAN DAVID\AppData\Local\Programs\MiKTeX\tex/latex/babel-spanish\spa
nish.ldf"
Language: spanish.ldf 2016/03/03 v5.0p Spanish support from the babel system
\es@quottoks=\toks16
\es@quotdepth=\count187
Package babel Info: Making " an active character on input line 561.
Package babel Info: Making . an active character on input line 662.
Package babel Info: Making < an active character on input line 707.
Package babel Info: Making > an active character on input line 707.
))
("C:\Users\JUAN DAVID\AppData\Local\Programs\MiKTeX\tex/latex/base\inputenc.sty
"
Package: inputenc 2018/08/11 v1.3c Input encoding file
\inpenc@prehook=\toks17
\inpenc@posthook=\toks18
)
("C:\Users\JUAN DAVID\AppData\Local\Programs\MiKTeX\tex/latex/base\fontenc.sty"
Package: fontenc 2020/02/11 v2.0o Standard LaTeX package
)
("C:\Users\JUAN DAVID\AppData\Local\Programs\MiKTeX\tex/latex/graphics\graphicx
.sty"
Package: graphicx 2019/11/30 v1.2a Enhanced LaTeX Graphics (DPC,SPQR)

("C:\Users\JUAN DAVID\AppData\Local\Programs\MiKTeX\tex/latex/graphics\graphics
.sty"
Package: graphics 2019/11/30 v1.4a Standard LaTeX Graphics (DPC,SPQR)

("C:\Users\JUAN DAVID\AppData\Local\Programs\MiKTeX\tex/latex/graphics\trig.sty
"
Package: trig 2016/01/03 v1.10 sin cos tan (DPC)
)
("C:\Users\JUAN DAVID\AppData\Local\Programs\MiKTeX\tex/latex/graphics-cfg\grap
hics.cfg"
File: graphics.cfg 2016/06/04 v1.11 sample graphics configuration
)
Package graphics Info: Driver file: pdftex.def on input line 105.

("C:\Users\JUAN DAVID\AppData\Local\Programs\MiKTeX\tex/latex/graphics-def\pdft
ex.def"
File: pdftex.def 2018/01/08 v1.0l Graphics/color driver for pdftex
))
\Gin@req@height=\dimen140
\Gin@req@width=\dimen141
)
("C:\Users\JUAN DAVID\AppData\Local\Programs\MiKTeX\tex/latex/float\float.sty"
Package: float 2001/11/08 v1.3d Float enhancements (AL)
\c@float@type=\count188
\float@exts=\toks19
\float@box=\box45
\@float@everytoks=\toks20
\@floatcapt=\box46
)
("C:\Users\JUAN DAVID\AppData\Local\Programs\MiKTeX\tex/latex/tools\longtable.s
ty"
Package: longtable 2020/01/07 v4.13 Multi-page Table package (DPC)
\LTleft=\skip50
\LTright=\skip51
\LTpre=\skip52
\LTpost=\skip53
\LTchunksize=\count189
\LTcapwidth=\dimen142
\LT@head=\box47
\LT@firsthead=\box48
\LT@foot=\box49
\LT@lastfoot=\box50
\LT@cols=\count190
\LT@rows=\count191
\c@LT@tables=\count192
\c@LT@chunks=\count193
\LT@p@ftn=\toks21
)
("C:\Users\JUAN DAVID\AppData\Local\Programs\MiKTeX\tex/latex/multirow\multirow
.sty"
Package: multirow 2019/05/31 v2.5 Span multiple rows of a table
\multirow@colwidth=\skip54
\multirow@cntb=\count194
\multirow@dima=\skip55
\bigstrutjot=\dimen143
)
("C:\Users\JUAN DAVID\AppData\Local\Programs\MiKTeX\tex/latex/booktabs\booktabs
.sty"
Package: booktabs 2020/01/12 v1.61803398 Publication quality tables
\heavyrulewidth=\dimen144
\lightrulewidth=\dimen145
\cmidrulewidth=\dimen146
\belowrulesep=\dimen147
\belowbottomsep=\dimen148
\aboverulesep=\dimen149
\abovetopsep=\dimen150
\cmidrulesep=\dimen151
\cmidrulekern=\dimen152
\defaultaddspace=\dimen153
\@cmidla=\count195
\@cmidlb=\count196
\@aboverulesep=\dimen154
\@belowrulesep=\dimen155
\@thisruleclass=\count197
\@lastruleclass=\count198
\@thisrulewidth=\dimen156
)
("C:\Users\JUAN DAVID\AppData\Local\Programs\MiKTeX\tex/latex/amsmath\amsmath.s
ty"
Package: amsmath 2020/01/20 v2.17e AMS math features
\@mathmargin=\skip56

For additional information on amsmath, use the `?' option.

("C:\Users\JUAN DAVID\AppData\Local\Programs\MiKTeX\tex/latex/amsmath\amstext.s
ty"
Package: amstext 2000/06/29 v2.01 AMS text

("C:\Users\JUAN DAVID\AppData\Local\Programs\MiKTeX\tex/latex/amsmath\amsgen.st
y"
File: amsgen.sty 1999/11/30 v2.0 generic functions
\@emptytoks=\toks22
\ex@=\dimen157
))
("C:\Users\JUAN DAVID\AppData\Local\Programs\MiKTeX\tex/latex/amsmath\amsbsy.st
y"
Package: amsbsy 1999/11/29 v1.2d Bold Symbols
\pmbraise@=\dimen158
)
("C:\Users\JUAN DAVID\AppData\Local\Programs\MiKTeX\tex/latex/amsmath\amsopn.st
y"
Package: amsopn 2016/03/08 v2.02 operator names
)
\inf@bad=\count199
LaTeX Info: Redefining \frac on input line 227.
\uproot@=\count266
\leftroot@=\count267
LaTeX Info: Redefining \overline on input line 389.
\classnum@=\count268
\DOTSCASE@=\count269
LaTeX Info: Redefining \ldots on input line 486.
LaTeX Info: Redefining \dots on input line 489.
LaTeX Info: Redefining \cdots on input line 610.
\Mathstrutbox@=\box51
\strutbox@=\box52
\big@size=\dimen159
LaTeX Font Info:    Redeclaring font encoding OML on input line 733.
LaTeX Font Info:    Redeclaring font encoding OMS on input line 734.
\macc@depth=\count270
\c@MaxMatrixCols=\count271
\dotsspace@=\muskip17
\c@parentequation=\count272
\dspbrk@lvl=\count273
\tag@help=\toks23
\row@=\count274
\column@=\count275
\maxfields@=\count276
\andhelp@=\toks24
\eqnshift@=\dimen160
\alignsep@=\dimen161
\tagshift@=\dimen162
\tagwidth@=\dimen163
\totwidth@=\dimen164
\lineht@=\dimen165
\@envbody=\toks25
\multlinegap=\skip57
\multlinetaggap=\skip58
\mathdisplay@stack=\toks26
LaTeX Info: Redefining \[ on input line 2859.
LaTeX Info: Redefining \] on input line 2860.
)
("C:\Users\JUAN DAVID\AppData\Local\Programs\MiKTeX\tex/latex/amscls\amsthm.sty
"
Package: amsthm 2020/05/29 v2.20.6
\thm@style=\toks27
\thm@bodyfont=\toks28
\thm@headfont=\toks29
\thm@notefont=\toks30
\thm@headpunct=\toks31
\thm@preskip=\skip59
\thm@postskip=\skip60
\thm@headsep=\skip61
\dth@everypar=\toks32
)
("C:\Users\JUAN DAVID\AppData\Local\Programs\MiKTeX\tex/latex/amsmath\amscd.sty
"
Package: amscd 2017/04/14 v2.1 AMS Commutative Diagrams
\athelp@=\toks33
\minaw@=\dimen166
\bigaw@=\dimen167
\minCDarrowwidth=\dimen168
)
("C:\Users\JUAN DAVID\AppData\Local\Programs\MiKTeX\tex/latex/amsfonts\amssymb.
sty"
Package: amssymb 2013/01/14 v3.01 AMS font symbols

("C:\Users\JUAN DAVID\AppData\Local\Programs\MiKTeX\tex/latex/amsfonts\amsfonts
.sty"
Package: amsfonts 2013/01/14 v3.01 Basic AMSFonts support
\symAMSa=\mathgroup4
\symAMSb=\mathgroup5
LaTeX Font Info:    Redeclaring math symbol \hbar on input line 98.
LaTeX Font Info:    Overwriting math alphabet `\mathfrak' in version `bold'
(Font)                  U/euf/m/n --> U/euf/b/n on input line 106.
))
("C:\Users\JUAN DAVID\AppData\Local\Programs\MiKTeX\tex/latex/mathtools\mathtoo
ls.sty"
Package: mathtools 2020/03/24 v1.24 mathematical typesetting tools

("C:\Users\JUAN DAVID\AppData\Local\Programs\MiKTeX\tex/latex/tools\calc.sty"
Package: calc 2017/05/25 v4.3 Infix arithmetic (KKT,FJ)
\calc@Acount=\count277
\calc@Bcount=\count278
\calc@Adimen=\dimen169
\calc@Bdimen=\dimen170
\calc@Askip=\skip62
\calc@Bskip=\skip63
LaTeX Info: Redefining \setlength on input line 80.
LaTeX Info: Redefining \addtolength on input line 81.
\calc@Ccount=\count279
\calc@Cskip=\skip64
)
("C:\Users\JUAN DAVID\AppData\Local\Programs\MiKTeX\tex/latex/mathtools\mhsetup
.sty"
Package: mhsetup 2017/03/31 v1.3 programming setup (MH)
)
LaTeX Info: Thecontrolsequence`\('isalreadyrobust on input line 130.
LaTeX Info: Thecontrolsequence`\)'isalreadyrobust on input line 130.
LaTeX Info: Thecontrolsequence`\['isalreadyrobust on input line 130.
LaTeX Info: Thecontrolsequence`\]'isalreadyrobust on input line 130.
\g_MT_multlinerow_int=\count280
\l_MT_multwidth_dim=\dimen171
\origjot=\skip65
\l_MT_shortvdotswithinadjustabove_dim=\dimen172
\l_MT_shortvdotswithinadjustbelow_dim=\dimen173
\l_MT_above_intertext_sep=\dimen174
\l_MT_below_intertext_sep=\dimen175
\l_MT_above_shortintertext_sep=\dimen176
\l_MT_below_shortintertext_sep=\dimen177
\xmathstrut@box=\box53
\xmathstrut@dim=\dimen178
)
("C:\Users\JUAN DAVID\AppData\Local\Programs\MiKTeX\tex/latex/enumitem\enumitem
.sty"
Package: enumitem 2019/06/20 v3.9 Customized lists
\labelindent=\skip66
\enit@outerparindent=\dimen179
\enit@toks=\toks34
\enit@inbox=\box54
\enit@count@id=\count281
\enitdp@description=\count282
)
("C:\Users\JUAN DAVID\AppData\Local\Programs\MiKTeX\tex/latex/base\t1enc.sty"
Package: t1enc 1994/06/01 Standard LaTeX package
)
("C:\Users\JUAN DAVID\AppData\Local\Programs\MiKTeX\tex/latex/tools\fontsmpl.st
y"
Package: fontsmpl 1994/10/29 Font sample package
LaTeX Font Info:    Trying to load font information for T1+cmtt on input line 1
78.
 ("C:\Users\JUAN DAVID\AppData\Local\Programs\MiKTeX\tex/latex/base\t1cmtt.fd"
File: t1cmtt.fd 2019/12/16 v2.5j Standard LaTeX font definitions
)

LaTeX Font Warning: Font shape `T1/cmtt/m/up' undefined
(Font)              using `T1/cmtt/m/n' instead on input line 178.

)
("C:\Users\JUAN DAVID\AppData\Local\Programs\MiKTeX\tex/latex/geometry\geometry
.sty"
Package: geometry 2020/01/02 v5.9 Page Geometry

("C:\Users\JUAN DAVID\AppData\Local\Programs\MiKTeX\tex/generic/iftex\ifvtex.st
y"
Package: ifvtex 2019/10/25 v1.7 ifvtex legacy package. Use iftex instead.
)
\Gm@cnth=\count283
\Gm@cntv=\count284
\c@Gm@tempcnt=\count285
\Gm@bindingoffset=\dimen180
\Gm@wd@mp=\dimen181
\Gm@odd@mp=\dimen182
\Gm@even@mp=\dimen183
\Gm@layoutwidth=\dimen184
\Gm@layoutheight=\dimen185
\Gm@layouthoffset=\dimen186
\Gm@layoutvoffset=\dimen187
\Gm@dimlist=\toks35

("C:\Users\JUAN DAVID\AppData\Local\Programs\MiKTeX\tex/latex/geometry\geometry
.cfg"))
("C:\Users\JUAN DAVID\AppData\Local\Programs\MiKTeX\tex/latex/xcolor\xcolor.sty
"
Package: xcolor 2016/05/11 v2.12 LaTeX color extensions (UK)

("C:\Users\JUAN DAVID\AppData\Local\Programs\MiKTeX\tex/latex/graphics-cfg\colo
r.cfg"
File: color.cfg 2016/01/02 v1.6 sample color configuration
)
Package xcolor Info: Driver file: pdftex.def on input line 225.
Package xcolor Info: Model `cmy' substituted by `cmy0' on input line 1348.
Package xcolor Info: Model `hsb' substituted by `rgb' on input line 1352.
Package xcolor Info: Model `RGB' extended on input line 1364.
Package xcolor Info: Model `HTML' substituted by `rgb' on input line 1366.
Package xcolor Info: Model `Hsb' substituted by `hsb' on input line 1367.
Package xcolor Info: Model `tHsb' substituted by `hsb' on input line 1368.
Package xcolor Info: Model `HSB' substituted by `hsb' on input line 1369.
Package xcolor Info: Model `Gray' substituted by `gray' on input line 1370.
Package xcolor Info: Model `wave' substituted by `hsb' on input line 1371.

("C:\Users\JUAN DAVID\AppData\Local\Programs\MiKTeX\tex/latex/graphics\dvipsnam
.def"
File: dvipsnam.def 2016/06/17 v3.0m Driver-dependent file (DPC,SPQR)
))
("C:\Users\JUAN DAVID\AppData\Local\Programs\MiKTeX\tex/latex/fancyhdr\fancyhdr
.sty"
Package: fancyhdr 2019/01/31 v3.10 Extensive control of page headers and footer
s
\f@nch@headwidth=\skip67
\f@nch@O@elh=\skip68
\f@nch@O@erh=\skip69
\f@nch@O@olh=\skip70
\f@nch@O@orh=\skip71
\f@nch@O@elf=\skip72
\f@nch@O@erf=\skip73
\f@nch@O@olf=\skip74
\f@nch@O@orf=\skip75
)
("C:\Users\JUAN DAVID\AppData\Local\Programs\MiKTeX\tex/latex/l3backend\l3backe
nd-pdfmode.def"
File: l3backend-pdfmode.def 2020-06-29 L3 backend support: PDF mode
\l__kernel_color_stack_int=\count286
\l__pdf_internal_box=\box55
) (TPN1_Casos_de_investigación_para_desarrollar_en_clase.aux
LaTeX Info: Redefining \. on input line 25.
LaTeX Info: Redefining \% on input line 25.
)
\openout1 = `TPN1_Casos_de_investigación_para_desarrollar_en_clase.aux'.

LaTeX Font Info:    Checking defaults for OML/cmm/m/it on input line 33.
LaTeX Font Info:    ... okay on input line 33.
LaTeX Font Info:    Checking defaults for OMS/cmsy/m/n on input line 33.
LaTeX Font Info:    ... okay on input line 33.
LaTeX Font Info:    Checking defaults for OT1/cmr/m/n on input line 33.
LaTeX Font Info:    ... okay on input line 33.
LaTeX Font Info:    Checking defaults for T1/cmr/m/n on input line 33.
LaTeX Font Info:    ... okay on input line 33.
LaTeX Font Info:    Checking defaults for TS1/cmr/m/n on input line 33.
LaTeX Font Info:    ... okay on input line 33.
LaTeX Font Info:    Checking defaults for OMX/cmex/m/n on input line 33.
LaTeX Font Info:    ... okay on input line 33.
LaTeX Font Info:    Checking defaults for U/cmr/m/n on input line 33.
LaTeX Font Info:    ... okay on input line 33.
LaTeX Font Info:    Checking defaults for PD1/pdf/m/n on input line 33.
LaTeX Font Info:    ... okay on input line 33.
\AtBeginShipoutBox=\box56
Package hyperref Info: Link coloring ON on input line 33.

("C:\Users\JUAN DAVID\AppData\Local\Programs\MiKTeX\tex/latex/hyperref\nameref.
sty"
Package: nameref 2019/09/16 v2.46 Cross-referencing by name of section

("C:\Users\JUAN DAVID\AppData\Local\Programs\MiKTeX\tex/latex/refcount\refcount
.sty"
Package: refcount 2019/12/15 v3.6 Data extraction from label references (HO)
)
("C:\Users\JUAN DAVID\AppData\Local\Programs\MiKTeX\tex/generic/gettitlestring\
gettitlestring.sty"
Package: gettitlestring 2019/12/15 v1.6 Cleanup title references (HO)
)
\c@section@level=\count287
)
LaTeX Info: Redefining \ref on input line 33.
LaTeX Info: Redefining \pageref on input line 33.
LaTeX Info: Redefining \nameref on input line 33.

(TPN1_Casos_de_investigación_para_desarrollar_en_clase.out)
(TPN1_Casos_de_investigación_para_desarrollar_en_clase.out)
\@outlinefile=\write3
\openout3 = `TPN1_Casos_de_investigación_para_desarrollar_en_clase.out'.

LaTeX Info: Redefining \. on input line 33.
LaTeX Info: Redefining \% on input line 33.

("C:\Users\JUAN DAVID\AppData\Local\Programs\MiKTeX\tex/context/base/mkii\supp-
pdf.mkii"
[Loading MPS to PDF converter (version 2006.09.02).]
\scratchcounter=\count288
\scratchdimen=\dimen188
\scratchbox=\box57
\nofMPsegments=\count289
\nofMParguments=\count290
\everyMPshowfont=\toks36
\MPscratchCnt=\count291
\MPscratchDim=\dimen189
\MPnumerator=\count292
\makeMPintoPDFobject=\count293
\everyMPtoPDFconversion=\toks37
)
("C:\Users\JUAN DAVID\AppData\Local\Programs\MiKTeX\tex/latex/epstopdf-pkg\epst
opdf-base.sty"
Package: epstopdf-base 2020-01-24 v2.11 Base part for package epstopdf
Package epstopdf-base Info: Redefining graphics rule for `.eps' on input line 4
85.
)
*geometry* driver: auto-detecting
*geometry* detected driver: pdftex
*geometry* verbose mode - [ preamble ] result:
* driver: pdftex
* paper: a4paper
* layout: <same size as paper>
* layoutoffset:(h,v)=(0.0pt,0.0pt)
* modes: twoside 
* h-part:(L,W,R)=(72.2698pt, 452.96826pt, 72.2698pt)
* v-part:(T,H,B)=(42.67912pt, 717.00946pt, 85.35826pt)
* \paperwidth=597.50787pt
* \paperheight=845.04684pt
* \textwidth=452.96826pt
* \textheight=717.00946pt
* \oddsidemargin=-0.00018pt
* \evensidemargin=-0.00018pt
* \topmargin=-66.59087pt
* \headheight=52.0pt
* \headsep=25.0pt
* \topskip=10.0pt
* \footskip=30.0pt
* \marginparwidth=54.2025pt
* \marginparsep=11.0pt
* \columnsep=10.0pt
* \skip\footins=9.0pt plus 4.0pt minus 2.0pt
* \hoffset=0.0pt
* \voffset=0.0pt
* \mag=1000
* \@twocolumnfalse
* \@twosidetrue
* \@mparswitchtrue
* \@reversemarginfalse
* (1in=72.27pt=25.4mm, 1cm=28.453pt)

Package epstopdf Info: Source file: <LogoIPF.eps>
(epstopdf)                    date: 2020-05-27 18:55:46
(epstopdf)                    size: 10484 bytes
(epstopdf)             Output file: <LogoIPF-eps-converted-to.pdf>
(epstopdf)                    date: 2020-08-11 10:27:48
(epstopdf)                    size: 5549 bytes
(epstopdf)             Command: <epstopdf --outfile=LogoIPF-eps-converted-to.pd
f LogoIPF.eps>
(epstopdf)             \includegraphics on input line 45.
Package epstopdf Info: Output file is already uptodate.


pdfTeX warning: pdflatex.exe (file ./LogoIPF-eps-converted-to.pdf): PDF inclusi
on: found PDF version <1.7>, but at most version <1.5> allowed
<LogoIPF-eps-converted-to.pdf, id=79, 376.40625pt x 376.40625pt>
File: LogoIPF-eps-converted-to.pdf Graphic file (type pdf)
<use LogoIPF-eps-converted-to.pdf>
Package pdftex.def Info: LogoIPF-eps-converted-to.pdf  used on input line 45.
(pdftex.def)             Requested size: 170.71652pt x 170.71947pt.
LaTeX Font Info:    Trying to load font information for U+msa on input line 47.

("C:\Users\JUAN DAVID\AppData\Local\Programs\MiKTeX\tex/latex/amsfonts\umsa.fd"
File: umsa.fd 2013/01/14 v3.01 AMS symbols A
)
LaTeX Font Info:    Trying to load font information for U+msb on input line 47.

 ("C:\Users\JUAN DAVID\AppData\Local\Programs\MiKTeX\tex/latex/amsfonts\umsb.fd
"
File: umsb.fd 2013/01/14 v3.01 AMS symbols B
) [1

{C:/Users/JUAN DAVID/AppData/Local/MiKTeX/pdftex/config/pdftex.map} <./LogoIPF-
eps-converted-to.pdf>]
(TPN1_Casos_de_investigación_para_desarrollar_en_clase.toc
LaTeX Info: Redefining \. on input line 1.
LaTeX Info: Redefining \% on input line 1.
)
\tf@toc=\write4
\openout4 = `TPN1_Casos_de_investigación_para_desarrollar_en_clase.toc'.

Package epstopdf Info: Source file: <LogoIPF.eps>
(epstopdf)                    date: 2020-05-27 18:55:46
(epstopdf)                    size: 10484 bytes
(epstopdf)             Output file: <LogoIPF-eps-converted-to.pdf>
(epstopdf)                    date: 2020-08-11 10:27:48
(epstopdf)                    size: 5549 bytes
(epstopdf)             Command: <epstopdf --outfile=LogoIPF-eps-converted-to.pd
f LogoIPF.eps>
(epstopdf)             \includegraphics on input line 62.
Package epstopdf Info: Output file is already uptodate.
File: LogoIPF-eps-converted-to.pdf Graphic file (type pdf)
<use LogoIPF-eps-converted-to.pdf>
Package pdftex.def Info: LogoIPF-eps-converted-to.pdf  used on input line 62.
(pdftex.def)             Requested size: 28.45274pt x 28.4475pt.
 [2]
Package epstopdf Info: Source file: <LogoIPF.eps>
(epstopdf)                    date: 2020-05-27 18:55:46
(epstopdf)                    size: 10484 bytes
(epstopdf)             Output file: <LogoIPF-eps-converted-to.pdf>
(epstopdf)                    date: 2020-08-11 10:27:48
(epstopdf)                    size: 5549 bytes
(epstopdf)             Command: <epstopdf --outfile=LogoIPF-eps-converted-to.pd
f LogoIPF.eps>
(epstopdf)             \includegraphics on input line 121.
Package epstopdf Info: Output file is already uptodate.
File: LogoIPF-eps-converted-to.pdf Graphic file (type pdf)
<use LogoIPF-eps-converted-to.pdf>
Package pdftex.def Info: LogoIPF-eps-converted-to.pdf  used on input line 121.
(pdftex.def)             Requested size: 28.45274pt x 28.4475pt.
 [3]
Package epstopdf Info: Source file: <LogoIPF.eps>
(epstopdf)                    date: 2020-05-27 18:55:46
(epstopdf)                    size: 10484 bytes
(epstopdf)             Output file: <LogoIPF-eps-converted-to.pdf>
(epstopdf)                    date: 2020-08-11 10:27:48
(epstopdf)                    size: 5549 bytes
(epstopdf)             Command: <epstopdf --outfile=LogoIPF-eps-converted-to.pd
f LogoIPF.eps>
(epstopdf)             \includegraphics on input line 189.
Package epstopdf Info: Output file is already uptodate.
File: LogoIPF-eps-converted-to.pdf Graphic file (type pdf)
<use LogoIPF-eps-converted-to.pdf>
Package pdftex.def Info: LogoIPF-eps-converted-to.pdf  used on input line 189.
(pdftex.def)             Requested size: 28.45274pt x 28.4475pt.
 [4]
Package epstopdf Info: Source file: <LogoIPF.eps>
(epstopdf)                    date: 2020-05-27 18:55:46
(epstopdf)                    size: 10484 bytes
(epstopdf)             Output file: <LogoIPF-eps-converted-to.pdf>
(epstopdf)                    date: 2020-08-11 10:27:48
(epstopdf)                    size: 5549 bytes
(epstopdf)             Command: <epstopdf --outfile=LogoIPF-eps-converted-to.pd
f LogoIPF.eps>
(epstopdf)             \includegraphics on input line 241.
Package epstopdf Info: Output file is already uptodate.
File: LogoIPF-eps-converted-to.pdf Graphic file (type pdf)
<use LogoIPF-eps-converted-to.pdf>
Package pdftex.def Info: LogoIPF-eps-converted-to.pdf  used on input line 241.
(pdftex.def)             Requested size: 28.45274pt x 28.4475pt.

[5]
Package epstopdf Info: Source file: <LogoIPF.eps>
(epstopdf)                    date: 2020-05-27 18:55:46
(epstopdf)                    size: 10484 bytes
(epstopdf)             Output file: <LogoIPF-eps-converted-to.pdf>
(epstopdf)                    date: 2020-08-11 10:27:48
(epstopdf)                    size: 5549 bytes
(epstopdf)             Command: <epstopdf --outfile=LogoIPF-eps-converted-to.pd
f LogoIPF.eps>
(epstopdf)             \includegraphics on input line 285.
Package epstopdf Info: Output file is already uptodate.
File: LogoIPF-eps-converted-to.pdf Graphic file (type pdf)
<use LogoIPF-eps-converted-to.pdf>
Package pdftex.def Info: LogoIPF-eps-converted-to.pdf  used on input line 285.
(pdftex.def)             Requested size: 28.45274pt x 28.4475pt.
 [6]
Package atveryend Info: Empty hook `BeforeClearDocument' on input line 287.
Package epstopdf Info: Source file: <LogoIPF.eps>
(epstopdf)                    date: 2020-05-27 18:55:46
(epstopdf)                    size: 10484 bytes
(epstopdf)             Output file: <LogoIPF-eps-converted-to.pdf>
(epstopdf)                    date: 2020-08-11 10:27:48
(epstopdf)                    size: 5549 bytes
(epstopdf)             Command: <epstopdf --outfile=LogoIPF-eps-converted-to.pd
f LogoIPF.eps>
(epstopdf)             \includegraphics on input line 287.
Package epstopdf Info: Output file is already uptodate.
File: LogoIPF-eps-converted-to.pdf Graphic file (type pdf)
<use LogoIPF-eps-converted-to.pdf>
Package pdftex.def Info: LogoIPF-eps-converted-to.pdf  used on input line 287.
(pdftex.def)             Requested size: 28.45274pt x 28.4475pt.
 [7]
Package atveryend Info: Empty hook `AfterLastShipout' on input line 287.
 (TPN1_Casos_de_investigación_para_desarrollar_en_clase.aux
LaTeX Info: Redefining \. on input line 25.
LaTeX Info: Redefining \% on input line 25.
)
Package atveryend Info: Executing hook `AtVeryEndDocument' on input line 287.
Package atveryend Info: Executing hook `AtEndAfterFileList' on input line 287.
Package rerunfilecheck Info: File `TPN1_Casos_de_investigación_para_desarrolla
r_en_clase.out' has not changed.
(rerunfilecheck)             Checksum: C8673B3135D59D7AAFBBE93750C1D39E;1470.


LaTeX Font Warning: Some font shapes were not available, defaults substituted.

Package atveryend Info: Empty hook `AtVeryVeryEnd' on input line 287.
 ) 
Here is how much of TeX's memory you used:
 10037 strings out of 480790
 150772 string characters out of 2894923
 449177 words of memory out of 3000000
 25781 multiletter control sequences out of 15000+200000
 542749 words of font info for 48 fonts, out of 3000000 for 9000
 1141 hyphenation exceptions out of 8191
 37i,14n,45p,849b,468s stack positions out of 5000i,500n,10000p,200000b,50000s
{C:/Users/JUAN DAVID/AppData/Local/Programs/MiKTeX/fonts/enc/dvips/cm-super/c
m-super-t1.enc}<C:/Users/JUAN DAVID/AppData/Local/Programs/MiKTeX/fonts/type1/p
ublic/amsfonts/cm/cmmi10.pfb><C:/Users/JUAN DAVID/AppData/Local/Programs/MiKTeX
/fonts/type1/public/amsfonts/cm/cmr10.pfb><C:/Users/JUAN DAVID/AppData/Local/Pr
ograms/MiKTeX/fonts/type1/public/cm-super/sfbx1000.pfb><C:/Users/JUAN DAVID/App
Data/Local/Programs/MiKTeX/fonts/type1/public/cm-super/sfbx1200.pfb><C:/Users/J
UAN DAVID/AppData/Local/Programs/MiKTeX/fonts/type1/public/cm-super/sfbx1440.pf
b><C:/Users/JUAN DAVID/AppData/Local/Programs/MiKTeX/fonts/type1/public/cm-supe
r/sfbx2488.pfb><C:/Users/JUAN DAVID/AppData/Local/Programs/MiKTeX/fonts/type1/p
ublic/cm-super/sfrm1000.pfb><C:/Users/JUAN DAVID/AppData/Local/Programs/MiKTeX/
fonts/type1/public/cm-super/sfrm1440.pfb><C:/Users/JUAN DAVID/AppData/Local/Pro
grams/MiKTeX/fonts/type1/public/cm-super/sfti1000.pfb>
Output written on TPN1_Casos_de_investigación_para_desarrollar_en_clase.pdf (7
 pages, 210676 bytes).
PDF statistics:
 221 PDF objects out of 1000 (max. 8388607)
 61 named destinations out of 1000 (max. 500000)
 158 words of extra memory for PDF output out of 10000 (max. 10000000)

